[18-May-2021 12:57:13 UTC] PHP Notice:  Undefined index: id in C:\OpenServer\domains\firepanda\wp-content\themes\FirePandaDelivery\restaurant.php on line 4
[18-May-2021 12:57:14 UTC] PHP Fatal error:  Uncaught Error: Cannot use object of type WP_Error as array in C:\OpenServer\domains\firepanda\wp-content\themes\FirePandaDelivery\restaurant.php:4
Stack trace:
#0 C:\OpenServer\domains\firepanda\wp-includes\template-loader.php(106): include()
#1 C:\OpenServer\domains\firepanda\wp-blog-header.php(19): require_once('C:\\OpenServer\\d...')
#2 C:\OpenServer\domains\firepanda\index.php(17): require('C:\\OpenServer\\d...')
#3 {main}
  thrown in C:\OpenServer\domains\firepanda\wp-content\themes\FirePandaDelivery\restaurant.php on line 4
[18-May-2021 17:13:36 UTC] PHP Fatal error:  Uncaught Error: Cannot use object of type WP_Error as array in C:\OpenServer\domains\firepanda\wp-content\themes\FirePandaDelivery\restaurant.php:4
Stack trace:
#0 C:\OpenServer\domains\firepanda\wp-includes\template-loader.php(106): include()
#1 C:\OpenServer\domains\firepanda\wp-blog-header.php(19): require_once('C:\\OpenServer\\d...')
#2 C:\OpenServer\domains\firepanda\index.php(17): require('C:\\OpenServer\\d...')
#3 {main}
  thrown in C:\OpenServer\domains\firepanda\wp-content\themes\FirePandaDelivery\restaurant.php on line 4
[18-May-2021 19:40:44 UTC] PHP Fatal error:  Uncaught Error: Cannot use object of type WP_Error as array in C:\OpenServer\domains\firepanda\wp-content\themes\FirePandaDelivery\restaurant.php:4
Stack trace:
#0 C:\OpenServer\domains\firepanda\wp-includes\template-loader.php(106): include()
#1 C:\OpenServer\domains\firepanda\wp-blog-header.php(19): require_once('C:\\OpenServer\\d...')
#2 C:\OpenServer\domains\firepanda\index.php(17): require('C:\\OpenServer\\d...')
#3 {main}
  thrown in C:\OpenServer\domains\firepanda\wp-content\themes\FirePandaDelivery\restaurant.php on line 4
[19-May-2021 18:41:39 UTC] PHP Fatal error:  Uncaught Error: Cannot use object of type WP_Error as array in C:\OpenServer\domains\firepanda\wp-content\themes\FirePandaDelivery\restaurant.php:4
Stack trace:
#0 C:\OpenServer\domains\firepanda\wp-includes\template-loader.php(106): include()
#1 C:\OpenServer\domains\firepanda\wp-blog-header.php(19): require_once('C:\\OpenServer\\d...')
#2 C:\OpenServer\domains\firepanda\index.php(17): require('C:\\OpenServer\\d...')
#3 {main}
  thrown in C:\OpenServer\domains\firepanda\wp-content\themes\FirePandaDelivery\restaurant.php on line 4
[20-May-2021 11:30:44 UTC] PHP Fatal error:  Uncaught Error: Cannot use object of type WP_Error as array in C:\OpenServer\domains\firepanda\wp-content\themes\FirePandaDelivery\restaurant.php:4
Stack trace:
#0 C:\OpenServer\domains\firepanda\wp-includes\template-loader.php(106): include()
#1 C:\OpenServer\domains\firepanda\wp-blog-header.php(19): require_once('C:\\OpenServer\\d...')
#2 C:\OpenServer\domains\firepanda\index.php(17): require('C:\\OpenServer\\d...')
#3 {main}
  thrown in C:\OpenServer\domains\firepanda\wp-content\themes\FirePandaDelivery\restaurant.php on line 4
[22-May-2021 19:19:12 UTC] PHP Fatal error:  Uncaught Error: Cannot use object of type WP_Error as array in E:\Server\OpenServer\domains\FirePanda\wp-content\themes\FirePandaDelivery\restaurant.php:4
Stack trace:
#0 E:\Server\OpenServer\domains\FirePanda\wp-includes\template-loader.php(106): include()
#1 E:\Server\OpenServer\domains\FirePanda\wp-blog-header.php(19): require_once('E:\\Server\\OpenS...')
#2 E:\Server\OpenServer\domains\FirePanda\index.php(17): require('E:\\Server\\OpenS...')
#3 {main}
  thrown in E:\Server\OpenServer\domains\FirePanda\wp-content\themes\FirePandaDelivery\restaurant.php on line 4
[22-May-2021 19:19:21 UTC] PHP Fatal error:  Uncaught Error: Cannot use object of type WP_Error as array in E:\Server\OpenServer\domains\FirePanda\wp-content\themes\FirePandaDelivery\restaurant.php:4
Stack trace:
#0 E:\Server\OpenServer\domains\FirePanda\wp-includes\template-loader.php(106): include()
#1 E:\Server\OpenServer\domains\FirePanda\wp-blog-header.php(19): require_once('E:\\Server\\OpenS...')
#2 E:\Server\OpenServer\domains\FirePanda\index.php(17): require('E:\\Server\\OpenS...')
#3 {main}
  thrown in E:\Server\OpenServer\domains\FirePanda\wp-content\themes\FirePandaDelivery\restaurant.php on line 4
[22-May-2021 19:19:30 UTC] PHP Fatal error:  Uncaught Error: Cannot use object of type WP_Error as array in E:\Server\OpenServer\domains\FirePanda\wp-content\themes\FirePandaDelivery\restaurant.php:4
Stack trace:
#0 E:\Server\OpenServer\domains\FirePanda\wp-includes\template-loader.php(106): include()
#1 E:\Server\OpenServer\domains\FirePanda\wp-blog-header.php(19): require_once('E:\\Server\\OpenS...')
#2 E:\Server\OpenServer\domains\FirePanda\index.php(17): require('E:\\Server\\OpenS...')
#3 {main}
  thrown in E:\Server\OpenServer\domains\FirePanda\wp-content\themes\FirePandaDelivery\restaurant.php on line 4
[22-May-2021 22:11:17 UTC] PHP Fatal error:  Uncaught Error: Cannot use object of type WP_Error as array in E:\Server\OpenServer\domains\FirePanda\wp-content\themes\FirePandaDelivery\restaurant.php:4
Stack trace:
#0 E:\Server\OpenServer\domains\FirePanda\wp-includes\template-loader.php(106): include()
#1 E:\Server\OpenServer\domains\FirePanda\wp-blog-header.php(19): require_once('E:\\Server\\OpenS...')
#2 E:\Server\OpenServer\domains\FirePanda\index.php(17): require('E:\\Server\\OpenS...')
#3 {main}
  thrown in E:\Server\OpenServer\domains\FirePanda\wp-content\themes\FirePandaDelivery\restaurant.php on line 4
[23-May-2021 11:44:59 UTC] PHP Fatal error:  Uncaught Error: Cannot use object of type WP_Error as array in E:\Server\OpenServer\domains\FirePanda\wp-content\themes\FirePandaDelivery\restaurant.php:4
Stack trace:
#0 E:\Server\OpenServer\domains\FirePanda\wp-includes\template-loader.php(106): include()
#1 E:\Server\OpenServer\domains\FirePanda\wp-blog-header.php(19): require_once('E:\\Server\\OpenS...')
#2 E:\Server\OpenServer\domains\FirePanda\index.php(17): require('E:\\Server\\OpenS...')
#3 {main}
  thrown in E:\Server\OpenServer\domains\FirePanda\wp-content\themes\FirePandaDelivery\restaurant.php on line 4
[23-May-2021 11:44:59 UTC] PHP Fatal error:  Uncaught Error: Cannot use object of type WP_Error as array in E:\Server\OpenServer\domains\FirePanda\wp-content\themes\FirePandaDelivery\restaurant.php:4
Stack trace:
#0 E:\Server\OpenServer\domains\FirePanda\wp-includes\template-loader.php(106): include()
#1 E:\Server\OpenServer\domains\FirePanda\wp-blog-header.php(19): require_once('E:\\Server\\OpenS...')
#2 E:\Server\OpenServer\domains\FirePanda\index.php(17): require('E:\\Server\\OpenS...')
#3 {main}
  thrown in E:\Server\OpenServer\domains\FirePanda\wp-content\themes\FirePandaDelivery\restaurant.php on line 4
[23-May-2021 18:55:40 UTC] PHP Warning:  include_once(1): failed to open stream: No such file or directory in E:\Server\OpenServer\domains\FirePanda\wp-content\themes\FirePandaDelivery\restaurant.php on line 5
[23-May-2021 18:55:40 UTC] PHP Stack trace:
[23-May-2021 18:55:40 UTC] PHP   1. {main}() E:\Server\OpenServer\domains\FirePanda\index.php:0
[23-May-2021 18:55:40 UTC] PHP   2. require() E:\Server\OpenServer\domains\FirePanda\index.php:17
[23-May-2021 18:55:40 UTC] PHP   3. require_once() E:\Server\OpenServer\domains\FirePanda\wp-blog-header.php:19
[23-May-2021 18:55:40 UTC] PHP   4. include() E:\Server\OpenServer\domains\FirePanda\wp-includes\template-loader.php:106
[23-May-2021 18:55:40 UTC] PHP Warning:  include_once(): Failed opening '1' for inclusion (include_path='.') in E:\Server\OpenServer\domains\FirePanda\wp-content\themes\FirePandaDelivery\restaurant.php on line 5
[23-May-2021 18:55:40 UTC] PHP Stack trace:
[23-May-2021 18:55:40 UTC] PHP   1. {main}() E:\Server\OpenServer\domains\FirePanda\index.php:0
[23-May-2021 18:55:40 UTC] PHP   2. require() E:\Server\OpenServer\domains\FirePanda\index.php:17
[23-May-2021 18:55:40 UTC] PHP   3. require_once() E:\Server\OpenServer\domains\FirePanda\wp-blog-header.php:19
[23-May-2021 18:55:40 UTC] PHP   4. include() E:\Server\OpenServer\domains\FirePanda\wp-includes\template-loader.php:106
[23-May-2021 18:55:48 UTC] PHP Warning:  include_once(1): failed to open stream: No such file or directory in E:\Server\OpenServer\domains\FirePanda\wp-content\themes\FirePandaDelivery\restaurant.php on line 5
[23-May-2021 18:55:48 UTC] PHP Stack trace:
[23-May-2021 18:55:48 UTC] PHP   1. {main}() E:\Server\OpenServer\domains\FirePanda\index.php:0
[23-May-2021 18:55:48 UTC] PHP   2. require() E:\Server\OpenServer\domains\FirePanda\index.php:17
[23-May-2021 18:55:48 UTC] PHP   3. require_once() E:\Server\OpenServer\domains\FirePanda\wp-blog-header.php:19
[23-May-2021 18:55:48 UTC] PHP   4. include() E:\Server\OpenServer\domains\FirePanda\wp-includes\template-loader.php:106
[23-May-2021 18:55:48 UTC] PHP Warning:  include_once(): Failed opening '1' for inclusion (include_path='.') in E:\Server\OpenServer\domains\FirePanda\wp-content\themes\FirePandaDelivery\restaurant.php on line 5
[23-May-2021 18:55:48 UTC] PHP Stack trace:
[23-May-2021 18:55:48 UTC] PHP   1. {main}() E:\Server\OpenServer\domains\FirePanda\index.php:0
[23-May-2021 18:55:48 UTC] PHP   2. require() E:\Server\OpenServer\domains\FirePanda\index.php:17
[23-May-2021 18:55:48 UTC] PHP   3. require_once() E:\Server\OpenServer\domains\FirePanda\wp-blog-header.php:19
[23-May-2021 18:55:48 UTC] PHP   4. include() E:\Server\OpenServer\domains\FirePanda\wp-includes\template-loader.php:106
[23-May-2021 18:55:55 UTC] PHP Warning:  include_once(1): failed to open stream: No such file or directory in E:\Server\OpenServer\domains\FirePanda\wp-content\themes\FirePandaDelivery\restaurant.php on line 5
[23-May-2021 18:55:55 UTC] PHP Stack trace:
[23-May-2021 18:55:55 UTC] PHP   1. {main}() E:\Server\OpenServer\domains\FirePanda\index.php:0
[23-May-2021 18:55:55 UTC] PHP   2. require() E:\Server\OpenServer\domains\FirePanda\index.php:17
[23-May-2021 18:55:55 UTC] PHP   3. require_once() E:\Server\OpenServer\domains\FirePanda\wp-blog-header.php:19
[23-May-2021 18:55:55 UTC] PHP   4. include() E:\Server\OpenServer\domains\FirePanda\wp-includes\template-loader.php:106
[23-May-2021 18:55:55 UTC] PHP Warning:  include_once(): Failed opening '1' for inclusion (include_path='.') in E:\Server\OpenServer\domains\FirePanda\wp-content\themes\FirePandaDelivery\restaurant.php on line 5
[23-May-2021 18:55:55 UTC] PHP Stack trace:
[23-May-2021 18:55:55 UTC] PHP   1. {main}() E:\Server\OpenServer\domains\FirePanda\index.php:0
[23-May-2021 18:55:55 UTC] PHP   2. require() E:\Server\OpenServer\domains\FirePanda\index.php:17
[23-May-2021 18:55:55 UTC] PHP   3. require_once() E:\Server\OpenServer\domains\FirePanda\wp-blog-header.php:19
[23-May-2021 18:55:55 UTC] PHP   4. include() E:\Server\OpenServer\domains\FirePanda\wp-includes\template-loader.php:106
[23-May-2021 21:54:21 UTC] PHP Warning:  include_once(1): failed to open stream: No such file or directory in E:\Server\OpenServer\domains\FirePanda\wp-content\themes\FirePandaDelivery\restaurant.php on line 5
[23-May-2021 21:54:21 UTC] PHP Stack trace:
[23-May-2021 21:54:21 UTC] PHP   1. {main}() E:\Server\OpenServer\domains\FirePanda\index.php:0
[23-May-2021 21:54:21 UTC] PHP   2. require() E:\Server\OpenServer\domains\FirePanda\index.php:17
[23-May-2021 21:54:21 UTC] PHP   3. require_once() E:\Server\OpenServer\domains\FirePanda\wp-blog-header.php:19
[23-May-2021 21:54:21 UTC] PHP   4. include() E:\Server\OpenServer\domains\FirePanda\wp-includes\template-loader.php:106
[23-May-2021 21:54:21 UTC] PHP Warning:  include_once(): Failed opening '1' for inclusion (include_path='.') in E:\Server\OpenServer\domains\FirePanda\wp-content\themes\FirePandaDelivery\restaurant.php on line 5
[23-May-2021 21:54:21 UTC] PHP Stack trace:
[23-May-2021 21:54:21 UTC] PHP   1. {main}() E:\Server\OpenServer\domains\FirePanda\index.php:0
[23-May-2021 21:54:21 UTC] PHP   2. require() E:\Server\OpenServer\domains\FirePanda\index.php:17
[23-May-2021 21:54:21 UTC] PHP   3. require_once() E:\Server\OpenServer\domains\FirePanda\wp-blog-header.php:19
[23-May-2021 21:54:21 UTC] PHP   4. include() E:\Server\OpenServer\domains\FirePanda\wp-includes\template-loader.php:106
[24-May-2021 09:20:05 UTC] PHP Fatal error:  Uncaught Error: Cannot use object of type WP_Error as array in E:\Server\OpenServer\domains\FirePanda\wp-content\themes\FirePandaDelivery\restaurant.php:5
Stack trace:
#0 E:\Server\OpenServer\domains\FirePanda\wp-includes\template-loader.php(106): include()
#1 E:\Server\OpenServer\domains\FirePanda\wp-blog-header.php(19): require_once('E:\\Server\\OpenS...')
#2 E:\Server\OpenServer\domains\FirePanda\index.php(17): require('E:\\Server\\OpenS...')
#3 {main}
  thrown in E:\Server\OpenServer\domains\FirePanda\wp-content\themes\FirePandaDelivery\restaurant.php on line 5
[24-May-2021 09:29:56 UTC] PHP Warning:  include_once(1): failed to open stream: No such file or directory in E:\Server\OpenServer\domains\FirePanda\wp-content\themes\FirePandaDelivery\restaurant.php on line 5
[24-May-2021 09:29:56 UTC] PHP Stack trace:
[24-May-2021 09:29:56 UTC] PHP   1. {main}() E:\Server\OpenServer\domains\FirePanda\index.php:0
[24-May-2021 09:29:56 UTC] PHP   2. require() E:\Server\OpenServer\domains\FirePanda\index.php:17
[24-May-2021 09:29:56 UTC] PHP   3. require_once() E:\Server\OpenServer\domains\FirePanda\wp-blog-header.php:19
[24-May-2021 09:29:56 UTC] PHP   4. include() E:\Server\OpenServer\domains\FirePanda\wp-includes\template-loader.php:106
[24-May-2021 09:29:56 UTC] PHP Warning:  include_once(): Failed opening '1' for inclusion (include_path='.') in E:\Server\OpenServer\domains\FirePanda\wp-content\themes\FirePandaDelivery\restaurant.php on line 5
[24-May-2021 09:29:56 UTC] PHP Stack trace:
[24-May-2021 09:29:56 UTC] PHP   1. {main}() E:\Server\OpenServer\domains\FirePanda\index.php:0
[24-May-2021 09:29:56 UTC] PHP   2. require() E:\Server\OpenServer\domains\FirePanda\index.php:17
[24-May-2021 09:29:56 UTC] PHP   3. require_once() E:\Server\OpenServer\domains\FirePanda\wp-blog-header.php:19
[24-May-2021 09:29:56 UTC] PHP   4. include() E:\Server\OpenServer\domains\FirePanda\wp-includes\template-loader.php:106
[24-May-2021 12:53:55 UTC] PHP Warning:  include_once(1): failed to open stream: No such file or directory in E:\Server\OpenServer\domains\FirePanda\wp-content\themes\FirePandaDelivery\restaurant.php on line 5
[24-May-2021 12:53:55 UTC] PHP Stack trace:
[24-May-2021 12:53:55 UTC] PHP   1. {main}() E:\Server\OpenServer\domains\FirePanda\index.php:0
[24-May-2021 12:53:55 UTC] PHP   2. require() E:\Server\OpenServer\domains\FirePanda\index.php:17
[24-May-2021 12:53:55 UTC] PHP   3. require_once() E:\Server\OpenServer\domains\FirePanda\wp-blog-header.php:19
[24-May-2021 12:53:55 UTC] PHP   4. include() E:\Server\OpenServer\domains\FirePanda\wp-includes\template-loader.php:106
[24-May-2021 12:53:55 UTC] PHP Warning:  include_once(): Failed opening '1' for inclusion (include_path='.') in E:\Server\OpenServer\domains\FirePanda\wp-content\themes\FirePandaDelivery\restaurant.php on line 5
[24-May-2021 12:53:55 UTC] PHP Stack trace:
[24-May-2021 12:53:55 UTC] PHP   1. {main}() E:\Server\OpenServer\domains\FirePanda\index.php:0
[24-May-2021 12:53:55 UTC] PHP   2. require() E:\Server\OpenServer\domains\FirePanda\index.php:17
[24-May-2021 12:53:55 UTC] PHP   3. require_once() E:\Server\OpenServer\domains\FirePanda\wp-blog-header.php:19
[24-May-2021 12:53:55 UTC] PHP   4. include() E:\Server\OpenServer\domains\FirePanda\wp-includes\template-loader.php:106
[24-May-2021 12:54:01 UTC] PHP Warning:  include_once(1): failed to open stream: No such file or directory in E:\Server\OpenServer\domains\FirePanda\wp-content\themes\FirePandaDelivery\restaurant.php on line 5
[24-May-2021 12:54:01 UTC] PHP Stack trace:
[24-May-2021 12:54:01 UTC] PHP   1. {main}() E:\Server\OpenServer\domains\FirePanda\index.php:0
[24-May-2021 12:54:01 UTC] PHP   2. require() E:\Server\OpenServer\domains\FirePanda\index.php:17
[24-May-2021 12:54:01 UTC] PHP   3. require_once() E:\Server\OpenServer\domains\FirePanda\wp-blog-header.php:19
[24-May-2021 12:54:01 UTC] PHP   4. include() E:\Server\OpenServer\domains\FirePanda\wp-includes\template-loader.php:106
[24-May-2021 12:54:01 UTC] PHP Warning:  include_once(): Failed opening '1' for inclusion (include_path='.') in E:\Server\OpenServer\domains\FirePanda\wp-content\themes\FirePandaDelivery\restaurant.php on line 5
[24-May-2021 12:54:01 UTC] PHP Stack trace:
[24-May-2021 12:54:01 UTC] PHP   1. {main}() E:\Server\OpenServer\domains\FirePanda\index.php:0
[24-May-2021 12:54:01 UTC] PHP   2. require() E:\Server\OpenServer\domains\FirePanda\index.php:17
[24-May-2021 12:54:01 UTC] PHP   3. require_once() E:\Server\OpenServer\domains\FirePanda\wp-blog-header.php:19
[24-May-2021 12:54:01 UTC] PHP   4. include() E:\Server\OpenServer\domains\FirePanda\wp-includes\template-loader.php:106
[24-May-2021 12:54:09 UTC] PHP Warning:  include_once(1): failed to open stream: No such file or directory in E:\Server\OpenServer\domains\FirePanda\wp-content\themes\FirePandaDelivery\restaurant.php on line 5
[24-May-2021 12:54:09 UTC] PHP Stack trace:
[24-May-2021 12:54:09 UTC] PHP   1. {main}() E:\Server\OpenServer\domains\FirePanda\index.php:0
[24-May-2021 12:54:09 UTC] PHP   2. require() E:\Server\OpenServer\domains\FirePanda\index.php:17
[24-May-2021 12:54:09 UTC] PHP   3. require_once() E:\Server\OpenServer\domains\FirePanda\wp-blog-header.php:19
[24-May-2021 12:54:09 UTC] PHP   4. include() E:\Server\OpenServer\domains\FirePanda\wp-includes\template-loader.php:106
[24-May-2021 12:54:09 UTC] PHP Warning:  include_once(): Failed opening '1' for inclusion (include_path='.') in E:\Server\OpenServer\domains\FirePanda\wp-content\themes\FirePandaDelivery\restaurant.php on line 5
[24-May-2021 12:54:09 UTC] PHP Stack trace:
[24-May-2021 12:54:09 UTC] PHP   1. {main}() E:\Server\OpenServer\domains\FirePanda\index.php:0
[24-May-2021 12:54:09 UTC] PHP   2. require() E:\Server\OpenServer\domains\FirePanda\index.php:17
[24-May-2021 12:54:09 UTC] PHP   3. require_once() E:\Server\OpenServer\domains\FirePanda\wp-blog-header.php:19
[24-May-2021 12:54:09 UTC] PHP   4. include() E:\Server\OpenServer\domains\FirePanda\wp-includes\template-loader.php:106
[24-May-2021 12:56:10 UTC] PHP Warning:  include_once(1): failed to open stream: No such file or directory in E:\Server\OpenServer\domains\FirePanda\wp-content\themes\FirePandaDelivery\restaurant.php on line 5
[24-May-2021 12:56:10 UTC] PHP Stack trace:
[24-May-2021 12:56:10 UTC] PHP   1. {main}() E:\Server\OpenServer\domains\FirePanda\index.php:0
[24-May-2021 12:56:10 UTC] PHP   2. require() E:\Server\OpenServer\domains\FirePanda\index.php:17
[24-May-2021 12:56:10 UTC] PHP   3. require_once() E:\Server\OpenServer\domains\FirePanda\wp-blog-header.php:19
[24-May-2021 12:56:10 UTC] PHP   4. include() E:\Server\OpenServer\domains\FirePanda\wp-includes\template-loader.php:106
[24-May-2021 12:56:10 UTC] PHP Warning:  include_once(): Failed opening '1' for inclusion (include_path='.') in E:\Server\OpenServer\domains\FirePanda\wp-content\themes\FirePandaDelivery\restaurant.php on line 5
[24-May-2021 12:56:10 UTC] PHP Stack trace:
[24-May-2021 12:56:10 UTC] PHP   1. {main}() E:\Server\OpenServer\domains\FirePanda\index.php:0
[24-May-2021 12:56:10 UTC] PHP   2. require() E:\Server\OpenServer\domains\FirePanda\index.php:17
[24-May-2021 12:56:10 UTC] PHP   3. require_once() E:\Server\OpenServer\domains\FirePanda\wp-blog-header.php:19
[24-May-2021 12:56:10 UTC] PHP   4. include() E:\Server\OpenServer\domains\FirePanda\wp-includes\template-loader.php:106
[24-May-2021 12:59:58 UTC] PHP Warning:  include_once(1): failed to open stream: No such file or directory in E:\Server\OpenServer\domains\FirePanda\wp-content\themes\FirePandaDelivery\restaurant.php on line 5
[24-May-2021 12:59:58 UTC] PHP Stack trace:
[24-May-2021 12:59:58 UTC] PHP   1. {main}() E:\Server\OpenServer\domains\FirePanda\index.php:0
[24-May-2021 12:59:58 UTC] PHP   2. require() E:\Server\OpenServer\domains\FirePanda\index.php:17
[24-May-2021 12:59:58 UTC] PHP   3. require_once() E:\Server\OpenServer\domains\FirePanda\wp-blog-header.php:19
[24-May-2021 12:59:58 UTC] PHP   4. include() E:\Server\OpenServer\domains\FirePanda\wp-includes\template-loader.php:106
[24-May-2021 12:59:58 UTC] PHP Warning:  include_once(): Failed opening '1' for inclusion (include_path='.') in E:\Server\OpenServer\domains\FirePanda\wp-content\themes\FirePandaDelivery\restaurant.php on line 5
[24-May-2021 12:59:58 UTC] PHP Stack trace:
[24-May-2021 12:59:58 UTC] PHP   1. {main}() E:\Server\OpenServer\domains\FirePanda\index.php:0
[24-May-2021 12:59:58 UTC] PHP   2. require() E:\Server\OpenServer\domains\FirePanda\index.php:17
[24-May-2021 12:59:58 UTC] PHP   3. require_once() E:\Server\OpenServer\domains\FirePanda\wp-blog-header.php:19
[24-May-2021 12:59:58 UTC] PHP   4. include() E:\Server\OpenServer\domains\FirePanda\wp-includes\template-loader.php:106
[24-May-2021 13:00:31 UTC] PHP Warning:  include_once(1): failed to open stream: No such file or directory in E:\Server\OpenServer\domains\FirePanda\wp-content\themes\FirePandaDelivery\restaurant.php on line 5
[24-May-2021 13:00:31 UTC] PHP Stack trace:
[24-May-2021 13:00:31 UTC] PHP   1. {main}() E:\Server\OpenServer\domains\FirePanda\index.php:0
[24-May-2021 13:00:31 UTC] PHP   2. require() E:\Server\OpenServer\domains\FirePanda\index.php:17
[24-May-2021 13:00:31 UTC] PHP   3. require_once() E:\Server\OpenServer\domains\FirePanda\wp-blog-header.php:19
[24-May-2021 13:00:31 UTC] PHP   4. include() E:\Server\OpenServer\domains\FirePanda\wp-includes\template-loader.php:106
[24-May-2021 13:00:31 UTC] PHP Warning:  include_once(): Failed opening '1' for inclusion (include_path='.') in E:\Server\OpenServer\domains\FirePanda\wp-content\themes\FirePandaDelivery\restaurant.php on line 5
[24-May-2021 13:00:31 UTC] PHP Stack trace:
[24-May-2021 13:00:31 UTC] PHP   1. {main}() E:\Server\OpenServer\domains\FirePanda\index.php:0
[24-May-2021 13:00:31 UTC] PHP   2. require() E:\Server\OpenServer\domains\FirePanda\index.php:17
[24-May-2021 13:00:31 UTC] PHP   3. require_once() E:\Server\OpenServer\domains\FirePanda\wp-blog-header.php:19
[24-May-2021 13:00:31 UTC] PHP   4. include() E:\Server\OpenServer\domains\FirePanda\wp-includes\template-loader.php:106
[24-May-2021 13:01:33 UTC] PHP Warning:  include_once(1): failed to open stream: No such file or directory in E:\Server\OpenServer\domains\FirePanda\wp-content\themes\FirePandaDelivery\restaurant.php on line 5
[24-May-2021 13:01:33 UTC] PHP Stack trace:
[24-May-2021 13:01:33 UTC] PHP   1. {main}() E:\Server\OpenServer\domains\FirePanda\index.php:0
[24-May-2021 13:01:33 UTC] PHP   2. require() E:\Server\OpenServer\domains\FirePanda\index.php:17
[24-May-2021 13:01:33 UTC] PHP   3. require_once() E:\Server\OpenServer\domains\FirePanda\wp-blog-header.php:19
[24-May-2021 13:01:33 UTC] PHP   4. include() E:\Server\OpenServer\domains\FirePanda\wp-includes\template-loader.php:106
[24-May-2021 13:01:33 UTC] PHP Warning:  include_once(): Failed opening '1' for inclusion (include_path='.') in E:\Server\OpenServer\domains\FirePanda\wp-content\themes\FirePandaDelivery\restaurant.php on line 5
[24-May-2021 13:01:33 UTC] PHP Stack trace:
[24-May-2021 13:01:33 UTC] PHP   1. {main}() E:\Server\OpenServer\domains\FirePanda\index.php:0
[24-May-2021 13:01:33 UTC] PHP   2. require() E:\Server\OpenServer\domains\FirePanda\index.php:17
[24-May-2021 13:01:33 UTC] PHP   3. require_once() E:\Server\OpenServer\domains\FirePanda\wp-blog-header.php:19
[24-May-2021 13:01:33 UTC] PHP   4. include() E:\Server\OpenServer\domains\FirePanda\wp-includes\template-loader.php:106
[24-May-2021 13:02:06 UTC] PHP Warning:  include_once(1): failed to open stream: No such file or directory in E:\Server\OpenServer\domains\FirePanda\wp-content\themes\FirePandaDelivery\restaurant.php on line 5
[24-May-2021 13:02:06 UTC] PHP Stack trace:
[24-May-2021 13:02:06 UTC] PHP   1. {main}() E:\Server\OpenServer\domains\FirePanda\index.php:0
[24-May-2021 13:02:06 UTC] PHP   2. require() E:\Server\OpenServer\domains\FirePanda\index.php:17
[24-May-2021 13:02:06 UTC] PHP   3. require_once() E:\Server\OpenServer\domains\FirePanda\wp-blog-header.php:19
[24-May-2021 13:02:06 UTC] PHP   4. include() E:\Server\OpenServer\domains\FirePanda\wp-includes\template-loader.php:106
[24-May-2021 13:02:06 UTC] PHP Warning:  include_once(): Failed opening '1' for inclusion (include_path='.') in E:\Server\OpenServer\domains\FirePanda\wp-content\themes\FirePandaDelivery\restaurant.php on line 5
[24-May-2021 13:02:06 UTC] PHP Stack trace:
[24-May-2021 13:02:06 UTC] PHP   1. {main}() E:\Server\OpenServer\domains\FirePanda\index.php:0
[24-May-2021 13:02:06 UTC] PHP   2. require() E:\Server\OpenServer\domains\FirePanda\index.php:17
[24-May-2021 13:02:06 UTC] PHP   3. require_once() E:\Server\OpenServer\domains\FirePanda\wp-blog-header.php:19
[24-May-2021 13:02:06 UTC] PHP   4. include() E:\Server\OpenServer\domains\FirePanda\wp-includes\template-loader.php:106
[24-May-2021 13:02:19 UTC] PHP Warning:  include_once(1): failed to open stream: No such file or directory in E:\Server\OpenServer\domains\FirePanda\wp-content\themes\FirePandaDelivery\restaurant.php on line 5
[24-May-2021 13:02:19 UTC] PHP Stack trace:
[24-May-2021 13:02:19 UTC] PHP   1. {main}() E:\Server\OpenServer\domains\FirePanda\index.php:0
[24-May-2021 13:02:19 UTC] PHP   2. require() E:\Server\OpenServer\domains\FirePanda\index.php:17
[24-May-2021 13:02:19 UTC] PHP   3. require_once() E:\Server\OpenServer\domains\FirePanda\wp-blog-header.php:19
[24-May-2021 13:02:19 UTC] PHP   4. include() E:\Server\OpenServer\domains\FirePanda\wp-includes\template-loader.php:106
[24-May-2021 13:02:19 UTC] PHP Warning:  include_once(): Failed opening '1' for inclusion (include_path='.') in E:\Server\OpenServer\domains\FirePanda\wp-content\themes\FirePandaDelivery\restaurant.php on line 5
[24-May-2021 13:02:19 UTC] PHP Stack trace:
[24-May-2021 13:02:19 UTC] PHP   1. {main}() E:\Server\OpenServer\domains\FirePanda\index.php:0
[24-May-2021 13:02:19 UTC] PHP   2. require() E:\Server\OpenServer\domains\FirePanda\index.php:17
[24-May-2021 13:02:19 UTC] PHP   3. require_once() E:\Server\OpenServer\domains\FirePanda\wp-blog-header.php:19
[24-May-2021 13:02:19 UTC] PHP   4. include() E:\Server\OpenServer\domains\FirePanda\wp-includes\template-loader.php:106
[24-May-2021 13:02:31 UTC] PHP Warning:  include_once(1): failed to open stream: No such file or directory in E:\Server\OpenServer\domains\FirePanda\wp-content\themes\FirePandaDelivery\restaurant.php on line 5
[24-May-2021 13:02:31 UTC] PHP Stack trace:
[24-May-2021 13:02:31 UTC] PHP   1. {main}() E:\Server\OpenServer\domains\FirePanda\index.php:0
[24-May-2021 13:02:31 UTC] PHP   2. require() E:\Server\OpenServer\domains\FirePanda\index.php:17
[24-May-2021 13:02:31 UTC] PHP   3. require_once() E:\Server\OpenServer\domains\FirePanda\wp-blog-header.php:19
[24-May-2021 13:02:31 UTC] PHP   4. include() E:\Server\OpenServer\domains\FirePanda\wp-includes\template-loader.php:106
[24-May-2021 13:02:31 UTC] PHP Warning:  include_once(): Failed opening '1' for inclusion (include_path='.') in E:\Server\OpenServer\domains\FirePanda\wp-content\themes\FirePandaDelivery\restaurant.php on line 5
[24-May-2021 13:02:31 UTC] PHP Stack trace:
[24-May-2021 13:02:31 UTC] PHP   1. {main}() E:\Server\OpenServer\domains\FirePanda\index.php:0
[24-May-2021 13:02:31 UTC] PHP   2. require() E:\Server\OpenServer\domains\FirePanda\index.php:17
[24-May-2021 13:02:31 UTC] PHP   3. require_once() E:\Server\OpenServer\domains\FirePanda\wp-blog-header.php:19
[24-May-2021 13:02:31 UTC] PHP   4. include() E:\Server\OpenServer\domains\FirePanda\wp-includes\template-loader.php:106
[24-May-2021 13:04:53 UTC] PHP Warning:  include_once(1): failed to open stream: No such file or directory in E:\Server\OpenServer\domains\FirePanda\wp-content\themes\FirePandaDelivery\restaurant.php on line 5
[24-May-2021 13:04:53 UTC] PHP Stack trace:
[24-May-2021 13:04:53 UTC] PHP   1. {main}() E:\Server\OpenServer\domains\FirePanda\index.php:0
[24-May-2021 13:04:53 UTC] PHP   2. require() E:\Server\OpenServer\domains\FirePanda\index.php:17
[24-May-2021 13:04:53 UTC] PHP   3. require_once() E:\Server\OpenServer\domains\FirePanda\wp-blog-header.php:19
[24-May-2021 13:04:53 UTC] PHP   4. include() E:\Server\OpenServer\domains\FirePanda\wp-includes\template-loader.php:106
[24-May-2021 13:04:53 UTC] PHP Warning:  include_once(): Failed opening '1' for inclusion (include_path='.') in E:\Server\OpenServer\domains\FirePanda\wp-content\themes\FirePandaDelivery\restaurant.php on line 5
[24-May-2021 13:04:53 UTC] PHP Stack trace:
[24-May-2021 13:04:53 UTC] PHP   1. {main}() E:\Server\OpenServer\domains\FirePanda\index.php:0
[24-May-2021 13:04:53 UTC] PHP   2. require() E:\Server\OpenServer\domains\FirePanda\index.php:17
[24-May-2021 13:04:53 UTC] PHP   3. require_once() E:\Server\OpenServer\domains\FirePanda\wp-blog-header.php:19
[24-May-2021 13:04:53 UTC] PHP   4. include() E:\Server\OpenServer\domains\FirePanda\wp-includes\template-loader.php:106
[24-May-2021 20:52:02 UTC] PHP Warning:  include_once(1): failed to open stream: No such file or directory in E:\Server\OpenServer\domains\FirePanda\wp-content\themes\FirePandaDelivery\restaurant.php on line 5
[24-May-2021 20:52:02 UTC] PHP Stack trace:
[24-May-2021 20:52:02 UTC] PHP   1. {main}() E:\Server\OpenServer\domains\FirePanda\index.php:0
[24-May-2021 20:52:02 UTC] PHP   2. require() E:\Server\OpenServer\domains\FirePanda\index.php:17
[24-May-2021 20:52:02 UTC] PHP   3. require_once() E:\Server\OpenServer\domains\FirePanda\wp-blog-header.php:19
[24-May-2021 20:52:02 UTC] PHP   4. include() E:\Server\OpenServer\domains\FirePanda\wp-includes\template-loader.php:106
[24-May-2021 20:52:02 UTC] PHP Warning:  include_once(): Failed opening '1' for inclusion (include_path='.') in E:\Server\OpenServer\domains\FirePanda\wp-content\themes\FirePandaDelivery\restaurant.php on line 5
[24-May-2021 20:52:02 UTC] PHP Stack trace:
[24-May-2021 20:52:02 UTC] PHP   1. {main}() E:\Server\OpenServer\domains\FirePanda\index.php:0
[24-May-2021 20:52:02 UTC] PHP   2. require() E:\Server\OpenServer\domains\FirePanda\index.php:17
[24-May-2021 20:52:02 UTC] PHP   3. require_once() E:\Server\OpenServer\domains\FirePanda\wp-blog-header.php:19
[24-May-2021 20:52:02 UTC] PHP   4. include() E:\Server\OpenServer\domains\FirePanda\wp-includes\template-loader.php:106
[24-May-2021 20:53:27 UTC] PHP Warning:  include_once(1): failed to open stream: No such file or directory in E:\Server\OpenServer\domains\FirePanda\wp-content\themes\FirePandaDelivery\restaurant.php on line 5
[24-May-2021 20:53:27 UTC] PHP Stack trace:
[24-May-2021 20:53:27 UTC] PHP   1. {main}() E:\Server\OpenServer\domains\FirePanda\index.php:0
[24-May-2021 20:53:27 UTC] PHP   2. require() E:\Server\OpenServer\domains\FirePanda\index.php:17
[24-May-2021 20:53:27 UTC] PHP   3. require_once() E:\Server\OpenServer\domains\FirePanda\wp-blog-header.php:19
[24-May-2021 20:53:27 UTC] PHP   4. include() E:\Server\OpenServer\domains\FirePanda\wp-includes\template-loader.php:106
[24-May-2021 20:53:27 UTC] PHP Warning:  include_once(): Failed opening '1' for inclusion (include_path='.') in E:\Server\OpenServer\domains\FirePanda\wp-content\themes\FirePandaDelivery\restaurant.php on line 5
[24-May-2021 20:53:27 UTC] PHP Stack trace:
[24-May-2021 20:53:27 UTC] PHP   1. {main}() E:\Server\OpenServer\domains\FirePanda\index.php:0
[24-May-2021 20:53:27 UTC] PHP   2. require() E:\Server\OpenServer\domains\FirePanda\index.php:17
[24-May-2021 20:53:27 UTC] PHP   3. require_once() E:\Server\OpenServer\domains\FirePanda\wp-blog-header.php:19
[24-May-2021 20:53:27 UTC] PHP   4. include() E:\Server\OpenServer\domains\FirePanda\wp-includes\template-loader.php:106
[24-May-2021 20:56:17 UTC] PHP Warning:  include_once(1): failed to open stream: No such file or directory in E:\Server\OpenServer\domains\FirePanda\wp-content\themes\FirePandaDelivery\restaurant.php on line 5
[24-May-2021 20:56:17 UTC] PHP Stack trace:
[24-May-2021 20:56:17 UTC] PHP   1. {main}() E:\Server\OpenServer\domains\FirePanda\index.php:0
[24-May-2021 20:56:17 UTC] PHP   2. require() E:\Server\OpenServer\domains\FirePanda\index.php:17
[24-May-2021 20:56:17 UTC] PHP   3. require_once() E:\Server\OpenServer\domains\FirePanda\wp-blog-header.php:19
[24-May-2021 20:56:17 UTC] PHP   4. include() E:\Server\OpenServer\domains\FirePanda\wp-includes\template-loader.php:106
[24-May-2021 20:56:17 UTC] PHP Warning:  include_once(): Failed opening '1' for inclusion (include_path='.') in E:\Server\OpenServer\domains\FirePanda\wp-content\themes\FirePandaDelivery\restaurant.php on line 5
[24-May-2021 20:56:17 UTC] PHP Stack trace:
[24-May-2021 20:56:17 UTC] PHP   1. {main}() E:\Server\OpenServer\domains\FirePanda\index.php:0
[24-May-2021 20:56:17 UTC] PHP   2. require() E:\Server\OpenServer\domains\FirePanda\index.php:17
[24-May-2021 20:56:17 UTC] PHP   3. require_once() E:\Server\OpenServer\domains\FirePanda\wp-blog-header.php:19
[24-May-2021 20:56:17 UTC] PHP   4. include() E:\Server\OpenServer\domains\FirePanda\wp-includes\template-loader.php:106
[24-May-2021 20:56:28 UTC] PHP Warning:  include_once(1): failed to open stream: No such file or directory in E:\Server\OpenServer\domains\FirePanda\wp-content\themes\FirePandaDelivery\restaurant.php on line 5
[24-May-2021 20:56:28 UTC] PHP Stack trace:
[24-May-2021 20:56:28 UTC] PHP   1. {main}() E:\Server\OpenServer\domains\FirePanda\index.php:0
[24-May-2021 20:56:28 UTC] PHP   2. require() E:\Server\OpenServer\domains\FirePanda\index.php:17
[24-May-2021 20:56:28 UTC] PHP   3. require_once() E:\Server\OpenServer\domains\FirePanda\wp-blog-header.php:19
[24-May-2021 20:56:28 UTC] PHP   4. include() E:\Server\OpenServer\domains\FirePanda\wp-includes\template-loader.php:106
[24-May-2021 20:56:28 UTC] PHP Warning:  include_once(): Failed opening '1' for inclusion (include_path='.') in E:\Server\OpenServer\domains\FirePanda\wp-content\themes\FirePandaDelivery\restaurant.php on line 5
[24-May-2021 20:56:28 UTC] PHP Stack trace:
[24-May-2021 20:56:28 UTC] PHP   1. {main}() E:\Server\OpenServer\domains\FirePanda\index.php:0
[24-May-2021 20:56:28 UTC] PHP   2. require() E:\Server\OpenServer\domains\FirePanda\index.php:17
[24-May-2021 20:56:28 UTC] PHP   3. require_once() E:\Server\OpenServer\domains\FirePanda\wp-blog-header.php:19
[24-May-2021 20:56:28 UTC] PHP   4. include() E:\Server\OpenServer\domains\FirePanda\wp-includes\template-loader.php:106
[24-May-2021 20:57:12 UTC] PHP Warning:  include_once(1): failed to open stream: No such file or directory in E:\Server\OpenServer\domains\FirePanda\wp-content\themes\FirePandaDelivery\restaurant.php on line 5
[24-May-2021 20:57:12 UTC] PHP Stack trace:
[24-May-2021 20:57:12 UTC] PHP   1. {main}() E:\Server\OpenServer\domains\FirePanda\index.php:0
[24-May-2021 20:57:12 UTC] PHP   2. require() E:\Server\OpenServer\domains\FirePanda\index.php:17
[24-May-2021 20:57:12 UTC] PHP   3. require_once() E:\Server\OpenServer\domains\FirePanda\wp-blog-header.php:19
[24-May-2021 20:57:12 UTC] PHP   4. include() E:\Server\OpenServer\domains\FirePanda\wp-includes\template-loader.php:106
[24-May-2021 20:57:12 UTC] PHP Warning:  include_once(): Failed opening '1' for inclusion (include_path='.') in E:\Server\OpenServer\domains\FirePanda\wp-content\themes\FirePandaDelivery\restaurant.php on line 5
[24-May-2021 20:57:12 UTC] PHP Stack trace:
[24-May-2021 20:57:12 UTC] PHP   1. {main}() E:\Server\OpenServer\domains\FirePanda\index.php:0
[24-May-2021 20:57:12 UTC] PHP   2. require() E:\Server\OpenServer\domains\FirePanda\index.php:17
[24-May-2021 20:57:12 UTC] PHP   3. require_once() E:\Server\OpenServer\domains\FirePanda\wp-blog-header.php:19
[24-May-2021 20:57:12 UTC] PHP   4. include() E:\Server\OpenServer\domains\FirePanda\wp-includes\template-loader.php:106
[24-May-2021 20:57:18 UTC] PHP Warning:  include_once(1): failed to open stream: No such file or directory in E:\Server\OpenServer\domains\FirePanda\wp-content\themes\FirePandaDelivery\restaurant.php on line 5
[24-May-2021 20:57:18 UTC] PHP Stack trace:
[24-May-2021 20:57:18 UTC] PHP   1. {main}() E:\Server\OpenServer\domains\FirePanda\index.php:0
[24-May-2021 20:57:18 UTC] PHP   2. require() E:\Server\OpenServer\domains\FirePanda\index.php:17
[24-May-2021 20:57:18 UTC] PHP   3. require_once() E:\Server\OpenServer\domains\FirePanda\wp-blog-header.php:19
[24-May-2021 20:57:18 UTC] PHP   4. include() E:\Server\OpenServer\domains\FirePanda\wp-includes\template-loader.php:106
[24-May-2021 20:57:18 UTC] PHP Warning:  include_once(): Failed opening '1' for inclusion (include_path='.') in E:\Server\OpenServer\domains\FirePanda\wp-content\themes\FirePandaDelivery\restaurant.php on line 5
[24-May-2021 20:57:18 UTC] PHP Stack trace:
[24-May-2021 20:57:18 UTC] PHP   1. {main}() E:\Server\OpenServer\domains\FirePanda\index.php:0
[24-May-2021 20:57:18 UTC] PHP   2. require() E:\Server\OpenServer\domains\FirePanda\index.php:17
[24-May-2021 20:57:18 UTC] PHP   3. require_once() E:\Server\OpenServer\domains\FirePanda\wp-blog-header.php:19
[24-May-2021 20:57:18 UTC] PHP   4. include() E:\Server\OpenServer\domains\FirePanda\wp-includes\template-loader.php:106
[24-May-2021 20:57:24 UTC] PHP Warning:  include_once(1): failed to open stream: No such file or directory in E:\Server\OpenServer\domains\FirePanda\wp-content\themes\FirePandaDelivery\restaurant.php on line 5
[24-May-2021 20:57:24 UTC] PHP Stack trace:
[24-May-2021 20:57:24 UTC] PHP   1. {main}() E:\Server\OpenServer\domains\FirePanda\index.php:0
[24-May-2021 20:57:24 UTC] PHP   2. require() E:\Server\OpenServer\domains\FirePanda\index.php:17
[24-May-2021 20:57:24 UTC] PHP   3. require_once() E:\Server\OpenServer\domains\FirePanda\wp-blog-header.php:19
[24-May-2021 20:57:24 UTC] PHP   4. include() E:\Server\OpenServer\domains\FirePanda\wp-includes\template-loader.php:106
[24-May-2021 20:57:24 UTC] PHP Warning:  include_once(): Failed opening '1' for inclusion (include_path='.') in E:\Server\OpenServer\domains\FirePanda\wp-content\themes\FirePandaDelivery\restaurant.php on line 5
[24-May-2021 20:57:24 UTC] PHP Stack trace:
[24-May-2021 20:57:24 UTC] PHP   1. {main}() E:\Server\OpenServer\domains\FirePanda\index.php:0
[24-May-2021 20:57:24 UTC] PHP   2. require() E:\Server\OpenServer\domains\FirePanda\index.php:17
[24-May-2021 20:57:24 UTC] PHP   3. require_once() E:\Server\OpenServer\domains\FirePanda\wp-blog-header.php:19
[24-May-2021 20:57:24 UTC] PHP   4. include() E:\Server\OpenServer\domains\FirePanda\wp-includes\template-loader.php:106
[24-May-2021 20:57:55 UTC] PHP Warning:  include_once(1): failed to open stream: No such file or directory in E:\Server\OpenServer\domains\FirePanda\wp-content\themes\FirePandaDelivery\restaurant.php on line 5
[24-May-2021 20:57:55 UTC] PHP Stack trace:
[24-May-2021 20:57:55 UTC] PHP   1. {main}() E:\Server\OpenServer\domains\FirePanda\index.php:0
[24-May-2021 20:57:55 UTC] PHP   2. require() E:\Server\OpenServer\domains\FirePanda\index.php:17
[24-May-2021 20:57:55 UTC] PHP   3. require_once() E:\Server\OpenServer\domains\FirePanda\wp-blog-header.php:19
[24-May-2021 20:57:55 UTC] PHP   4. include() E:\Server\OpenServer\domains\FirePanda\wp-includes\template-loader.php:106
[24-May-2021 20:57:55 UTC] PHP Warning:  include_once(): Failed opening '1' for inclusion (include_path='.') in E:\Server\OpenServer\domains\FirePanda\wp-content\themes\FirePandaDelivery\restaurant.php on line 5
[24-May-2021 20:57:55 UTC] PHP Stack trace:
[24-May-2021 20:57:55 UTC] PHP   1. {main}() E:\Server\OpenServer\domains\FirePanda\index.php:0
[24-May-2021 20:57:55 UTC] PHP   2. require() E:\Server\OpenServer\domains\FirePanda\index.php:17
[24-May-2021 20:57:55 UTC] PHP   3. require_once() E:\Server\OpenServer\domains\FirePanda\wp-blog-header.php:19
[24-May-2021 20:57:55 UTC] PHP   4. include() E:\Server\OpenServer\domains\FirePanda\wp-includes\template-loader.php:106
[24-May-2021 20:58:28 UTC] PHP Warning:  include_once(1): failed to open stream: No such file or directory in E:\Server\OpenServer\domains\FirePanda\wp-content\themes\FirePandaDelivery\restaurant.php on line 5
[24-May-2021 20:58:28 UTC] PHP Stack trace:
[24-May-2021 20:58:28 UTC] PHP   1. {main}() E:\Server\OpenServer\domains\FirePanda\index.php:0
[24-May-2021 20:58:28 UTC] PHP   2. require() E:\Server\OpenServer\domains\FirePanda\index.php:17
[24-May-2021 20:58:28 UTC] PHP   3. require_once() E:\Server\OpenServer\domains\FirePanda\wp-blog-header.php:19
[24-May-2021 20:58:28 UTC] PHP   4. include() E:\Server\OpenServer\domains\FirePanda\wp-includes\template-loader.php:106
[24-May-2021 20:58:28 UTC] PHP Warning:  include_once(): Failed opening '1' for inclusion (include_path='.') in E:\Server\OpenServer\domains\FirePanda\wp-content\themes\FirePandaDelivery\restaurant.php on line 5
[24-May-2021 20:58:28 UTC] PHP Stack trace:
[24-May-2021 20:58:28 UTC] PHP   1. {main}() E:\Server\OpenServer\domains\FirePanda\index.php:0
[24-May-2021 20:58:28 UTC] PHP   2. require() E:\Server\OpenServer\domains\FirePanda\index.php:17
[24-May-2021 20:58:28 UTC] PHP   3. require_once() E:\Server\OpenServer\domains\FirePanda\wp-blog-header.php:19
[24-May-2021 20:58:28 UTC] PHP   4. include() E:\Server\OpenServer\domains\FirePanda\wp-includes\template-loader.php:106
